d:\learning\kernel\mydriver1\mydriver1\x64\debug\vc142.pdb
d:\learning\kernel\mydriver1\mydriver1\x64\debug\mydriver1.obj
d:\learning\kernel\mydriver1\x64\debug\mydriver1\mydriver1.cat
d:\learning\kernel\mydriver1\x64\debug\mydriver1.sys
d:\learning\kernel\mydriver1\x64\debug\mydriver1.pdb
d:\learning\kernel\mydriver1\mydriver1\x64\debug\mydriver1.inf
d:\learning\kernel\mydriver1\x64\debug\mydriver1.cer
d:\learning\kernel\mydriver1\x64\debug\mydriver1.inf
d:\learning\kernel\mydriver1\mydriver1\x64\debug\mydriver1.tlog\cl.command.1.tlog
d:\learning\kernel\mydriver1\mydriver1\x64\debug\mydriver1.tlog\cl.read.1.tlog
d:\learning\kernel\mydriver1\mydriver1\x64\debug\mydriver1.tlog\cl.write.1.tlog
d:\learning\kernel\mydriver1\mydriver1\x64\debug\mydriver1.tlog\inf2cat-expand.24120.read.1.tlog
d:\learning\kernel\mydriver1\mydriver1\x64\debug\mydriver1.tlog\inf2cat-expand.24120.write.1.tlog
d:\learning\kernel\mydriver1\mydriver1\x64\debug\mydriver1.tlog\inf2cat-expand.read.1.tlog
d:\learning\kernel\mydriver1\mydriver1\x64\debug\mydriver1.tlog\inf2cat-expand.write.1.tlog
d:\learning\kernel\mydriver1\mydriver1\x64\debug\mydriver1.tlog\inf2cat.command.1.tlog
d:\learning\kernel\mydriver1\mydriver1\x64\debug\mydriver1.tlog\inf2cat.read.1.tlog
d:\learning\kernel\mydriver1\mydriver1\x64\debug\mydriver1.tlog\inf2cat.write.1.tlog
d:\learning\kernel\mydriver1\mydriver1\x64\debug\mydriver1.tlog\link.command.1.tlog
d:\learning\kernel\mydriver1\mydriver1\x64\debug\mydriver1.tlog\link.read.1.tlog
d:\learning\kernel\mydriver1\mydriver1\x64\debug\mydriver1.tlog\link.write.1.tlog
d:\learning\kernel\mydriver1\mydriver1\x64\debug\mydriver1.tlog\signtool.command.1.tlog
d:\learning\kernel\mydriver1\mydriver1\x64\debug\mydriver1.tlog\signtool.read.1.tlog
d:\learning\kernel\mydriver1\mydriver1\x64\debug\mydriver1.tlog\signtool.timestamp.1.tlog
d:\learning\kernel\mydriver1\mydriver1\x64\debug\mydriver1.tlog\signtool.write.1.tlog
d:\learning\kernel\mydriver1\mydriver1\x64\debug\mydriver1.tlog\stampinf.command.1.tlog
d:\learning\kernel\mydriver1\mydriver1\x64\debug\mydriver1.tlog\stampinf.read.1.tlog
d:\learning\kernel\mydriver1\mydriver1\x64\debug\mydriver1.tlog\stampinf.write.1.tlog
